{"/Users/roghashintimbiti/botxo-test1/src/App.tsx": {"path":"/Users/roghashintimbiti/botxo-test1/src/App.tsx","statementMap":{"0":{"start":{"line":1,"column":0},"end":{"line":1,"column":40}},"1":{"start":{"line":2,"column":0},"end":{"line":2,"column":32}},"2":{"start":{"line":3,"column":0},"end":{"line":3,"column":28}},"3":{"start":{"line":7,"column":15},"end":{"line":7,"column":41}},"4":{"start":{"line":7,"column":21},"end":{"line":7,"column":35}},"5":{"start":{"line":7,"column":40},"end":{"line":7,"column":null}},"6":{"start":{"line":9,"column":12},"end":{"line":21,"column":1}},"7":{"start":{"line":10,"column":30},"end":{"line":10,"column":47}},"8":{"start":{"line":10,"column":16},"end":{"line":10,"column":18}},"9":{"start":{"line":10,"column":26},"end":{"line":10,"column":30}},"10":{"start":{"line":11,"column":4},"end":{"line":20,"column":null}},"11":{"start":{"line":18,"column":35},"end":{"line":18,"column":69}},"12":{"start":{"line":23,"column":0},"end":{"line":23,"column":19}}},"fnMap":{"0":{"name":"(anonymous_7)","decl":{"start":{"line":7,"column":15},"end":{"line":7,"column":16}},"loc":{"start":{"line":7,"column":35},"end":{"line":7,"column":41}}},"1":{"name":"(anonymous_8)","decl":{"start":{"line":9,"column":12},"end":{"line":9,"column":null}},"loc":{"start":{"line":9,"column":12},"end":{"line":21,"column":1}}},"2":{"name":"(anonymous_9)","decl":{"start":{"line":18,"column":29},"end":{"line":18,"column":35}},"loc":{"start":{"line":18,"column":29},"end":{"line":18,"column":43}}}},"branchMap":{},"s":{"0":1,"1":1,"2":1,"3":1,"4":2,"5":2,"6":1,"7":2,"8":2,"9":2,"10":2,"11":0,"12":1},"f":{"0":2,"1":2,"2":0},"b":{}}
,"/Users/roghashintimbiti/botxo-test1/src/hj.ts": {"path":"/Users/roghashintimbiti/botxo-test1/src/hj.ts","statementMap":{"0":{"start":{"line":1,"column":20},"end":{"line":3,"column":1}},"1":{"start":{"line":2,"column":4},"end":{"line":2,"column":null}},"2":{"start":{"line":1,"column":13},"end":{"line":1,"column":20}}},"fnMap":{"0":{"name":"(anonymous_0)","decl":{"start":{"line":1,"column":20},"end":{"line":1,"column":null}},"loc":{"start":{"line":1,"column":20},"end":{"line":3,"column":1}}}},"branchMap":{},"s":{"0":1,"1":2,"2":1},"f":{"0":2},"b":{}}
}
